
**** Build of configuration Debug for project basico_main ****

"C:\\ti\\ccsv5\\utils\\bin\\gmake" -k all 
making ../src/sysbios.a64P ...
cl64P C:/ti/bios_6_35_04_50/packages/ti/sysbios/BIOS.c ...
asm64P C:/ti/bios_6_35_04_50/packages/ti/sysbios/family/c64p/Hwi_disp_always.s64P ...
asm64P C:/ti/bios_6_35_04_50/packages/ti/sysbios/family/c64p/Hwi_asm.s62 ...
asm64P C:/ti/bios_6_35_04_50/packages/ti/sysbios/family/c64p/Hwi_asm_switch.s62 ...
asm64P C:/ti/bios_6_35_04_50/packages/ti/sysbios/family/c64p/Clobber_asm.s62 ...
asm64P C:/ti/bios_6_35_04_50/packages/ti/sysbios/family/c64p/Exception_asm.s64P ...
asm64P C:/ti/bios_6_35_04_50/packages/ti/sysbios/family/c64p/MemoryProtect_asm.s64P ...
asm64P C:/ti/bios_6_35_04_50/packages/ti/sysbios/family/c62/TaskSupport_asm.s62 ...
asm64P C:/ti/bios_6_35_04_50/packages/ti/sysbios/timers/timer64/Timer_asm.s64P ...
asm64P C:/ti/bios_6_35_04_50/packages/ti/sysbios/timers/gptimer/Timer_asm.s64P ...
asm64P C:/ti/bios_6_35_04_50/packages/ti/sysbios/timers/dmtimer/Timer_asm.s64P ...
ar64P BIOS.obj c64p_Hwi_disp_always.obj c64p_Hwi_asm.obj c64p_Hwi_asm_switch.obj c64p_Clobber_asm.obj c64p_Exception_asm.obj c64p_MemoryProtect_asm.obj c62_TaskSupport_asm.obj timer64_Timer_asm.obj gptimer_Timer_asm.obj dmtimer_Timer_asm.obj ...
'Building file: ../hello.cfg'
'Invoking: XDCtools'
"C:/ti/xdctools_3_25_03_72/xs" --xdcpath="C:/ti/bios_6_35_04_50/packages;C:/ti/ccsv5/ccs_base;" xdc.tools.configuro -o configPkg -t ti.targets.C64P -p ti.platforms.sim64Pxx -r debug -c "C:/ti/ccsv5/tools/compiler/c6000_7.4.4" --compileOptions "-g --optimize_with_debug" "../hello.cfg"
making package.mak (because of package.bld) ...
generating interfaces for package configPkg (because package/package.xdc.inc is older than package.xdc) ...
configuring hello.x64P from package/cfg/hello_p64P.cfg ...
generating custom ti.sysbios library makefile ... 
Starting build of library sources ...
making C:/git/ARQAVANZADA/ComposeStudioFiltroFir/basico_main/src/sysbios.a64P ...
Build of libraries done.
cl64P package/cfg/hello_p64P.c ...
'Finished building: ../hello.cfg'
' '
'Building file: ../Ejemplo_comienzo.c'
'Invoking: C6000 Compiler'
"C:/ti/ccsv5/tools/compiler/c6000_7.4.4/bin/cl6x" -mv64+ --abi=coffabi -O2 -g --include_path="C:/ti/ccsv5/tools/compiler/c6000_7.4.4/include" --display_error_number --diag_warning=225 --diag_wrap=off --gen_profile_info --preproc_with_compile --preproc_dependency="Ejemplo_comienzo.pp" --cmd_file="./configPkg/compiler.opt"  "../Ejemplo_comienzo.c"
"../Ejemplo_comienzo.c", line 55: warning #225-D: function declared implicitly
"../Ejemplo_comienzo.c", line 106: warning #225-D: function declared implicitly
"../Ejemplo_comienzo.c", line 162: warning #179-D: variable "borrador" was declared but never referenced
'Finished building: ../Ejemplo_comienzo.c'
' '
'Building file: ../utils.c'
'Invoking: C6000 Compiler'
"C:/ti/ccsv5/tools/compiler/c6000_7.4.4/bin/cl6x" -mv64+ --abi=coffabi -O2 -g --include_path="C:/ti/ccsv5/tools/compiler/c6000_7.4.4/include" --display_error_number --diag_warning=225 --diag_wrap=off --gen_profile_info --preproc_with_compile --preproc_dependency="utils.pp" --cmd_file="./configPkg/compiler.opt"  "../utils.c"
'Finished building: ../utils.c'
' '
'Building target: basico_main.out'
'Invoking: C6000 Linker'
"C:/ti/ccsv5/tools/compiler/c6000_7.4.4/bin/cl6x" -mv64+ --abi=coffabi -O2 -g --display_error_number --diag_warning=225 --diag_wrap=off --gen_profile_info -z -m"basico_main.map" -i"C:/ti/ccsv5/tools/compiler/c6000_7.4.4/lib" -i"C:/ti/ccsv5/tools/compiler/c6000_7.4.4/include" --reread_libs --warn_sections --display_error_number --diag_wrap=off --xml_link_info="basico_main_linkInfo.xml" --rom_model -o "basico_main.out" -l"./configPkg/linker.cmd"  "./utils.obj" "./Ejemplo_comienzo.obj" -l"libc.a" 
<Linking>
warning #10247-D: creating output section ".ppdata" without a SECTIONS specification
'Finished building target: basico_main.out'
' '

**** Build Finished ****

**** Build of configuration Debug for project basico_main ****

"C:\\ti\\ccsv5\\utils\\bin\\gmake" -k all 
making ../src/sysbios.a64P ...
gmake[1]: Nothing to be done for `all'.
'Building target: basico_main.out'
'Invoking: C6000 Linker'
"C:/ti/ccsv5/tools/compiler/c6000_7.4.4/bin/cl6x" -mv64+ --abi=coffabi -O2 -g --display_error_number --diag_warning=225 --diag_wrap=off --gen_profile_info -z -m"basico_main.map" -i"C:/ti/ccsv5/tools/compiler/c6000_7.4.4/lib" -i"C:/ti/ccsv5/tools/compiler/c6000_7.4.4/include" --reread_libs --warn_sections --display_error_number --diag_wrap=off --xml_link_info="basico_main_linkInfo.xml" --rom_model -o "basico_main.out" -l"./configPkg/linker.cmd"  "./utils.obj" "./Ejemplo_comienzo.obj" -l"libc.a" 
<Linking>
warning #10247-D: creating output section ".ppdata" without a SECTIONS specification
'Finished building target: basico_main.out'
' '

**** Build Finished ****
